[2025-03-21 06:23:49Z INFO HostContext] No proxy settings were found based on environmental variables (http_proxy/https_proxy/HTTP_PROXY/HTTPS_PROXY)
[2025-03-21 06:23:49Z INFO HostContext] Well known directory 'Bin': '/home/ec2-user/app/bin'
[2025-03-21 06:23:49Z INFO HostContext] Well known directory 'Root': '/home/ec2-user/app'
[2025-03-21 06:23:49Z INFO HostContext] Well known config file 'Credentials': '/home/ec2-user/app/.credentials'
[2025-03-21 06:23:49Z INFO HostContext] Well known directory 'Bin': '/home/ec2-user/app/bin'
[2025-03-21 06:23:49Z INFO HostContext] Well known directory 'Root': '/home/ec2-user/app'
[2025-03-21 06:23:49Z INFO HostContext] Well known config file 'Runner': '/home/ec2-user/app/.runner'
[2025-03-21 06:23:49Z INFO Listener] Runner is built for Linux (X64) - linux-x64.
[2025-03-21 06:23:49Z INFO Listener] RuntimeInformation: Amazon Linux 2023.6.20250303.
[2025-03-21 06:23:49Z INFO Listener] Version: 2.323.0
[2025-03-21 06:23:49Z INFO Listener] Commit: d8b82f44a9ec0258904d5869ae683c31d5aac299
[2025-03-21 06:23:49Z INFO Listener] Culture: 
[2025-03-21 06:23:49Z INFO Listener] UI Culture: 
[2025-03-21 06:23:49Z INFO HostContext] Well known directory 'Bin': '/home/ec2-user/app/bin'
[2025-03-21 06:23:49Z INFO HostContext] Well known directory 'Root': '/home/ec2-user/app'
[2025-03-21 06:23:49Z INFO Listener] Validating directory permissions for: '/home/ec2-user/app'
[2025-03-21 06:23:49Z INFO CommandLineParser] Parse
[2025-03-21 06:23:49Z INFO CommandLineParser] Parsing 3 args
[2025-03-21 06:23:49Z INFO CommandLineParser] parsing argument
[2025-03-21 06:23:49Z INFO CommandLineParser] HasArgs: False
[2025-03-21 06:23:49Z INFO CommandLineParser] Adding Command: run
[2025-03-21 06:23:49Z INFO CommandLineParser] parsing argument
[2025-03-21 06:23:49Z INFO CommandLineParser] HasArgs: True
[2025-03-21 06:23:49Z INFO CommandLineParser] arg: startuptype
[2025-03-21 06:23:49Z INFO CommandLineParser] parsing argument
[2025-03-21 06:23:49Z INFO CommandLineParser] HasArgs: True
[2025-03-21 06:23:49Z INFO CommandLineParser] Adding option 'startuptype': 'service'
[2025-03-21 06:23:49Z INFO Listener] Arguments parsed
[2025-03-21 06:23:49Z INFO Runner] ExecuteCommand
[2025-03-21 06:23:49Z INFO ConfigurationStore] currentAssemblyLocation: /home/ec2-user/app/bin/Runner.Listener.dll
[2025-03-21 06:23:49Z INFO HostContext] Well known directory 'Bin': '/home/ec2-user/app/bin'
[2025-03-21 06:23:49Z INFO ConfigurationStore] binPath: /home/ec2-user/app/bin
[2025-03-21 06:23:49Z INFO HostContext] Well known directory 'Bin': '/home/ec2-user/app/bin'
[2025-03-21 06:23:49Z INFO HostContext] Well known directory 'Root': '/home/ec2-user/app'
[2025-03-21 06:23:49Z INFO ConfigurationStore] RootFolder: /home/ec2-user/app
[2025-03-21 06:23:49Z INFO HostContext] Well known directory 'Bin': '/home/ec2-user/app/bin'
[2025-03-21 06:23:49Z INFO HostContext] Well known directory 'Root': '/home/ec2-user/app'
[2025-03-21 06:23:49Z INFO HostContext] Well known config file 'Runner': '/home/ec2-user/app/.runner'
[2025-03-21 06:23:49Z INFO ConfigurationStore] ConfigFilePath: /home/ec2-user/app/.runner
[2025-03-21 06:23:49Z INFO HostContext] Well known directory 'Bin': '/home/ec2-user/app/bin'
[2025-03-21 06:23:49Z INFO HostContext] Well known directory 'Root': '/home/ec2-user/app'
[2025-03-21 06:23:49Z INFO HostContext] Well known config file 'MigratedRunner': '/home/ec2-user/app/.runner_migrated'
[2025-03-21 06:23:49Z INFO ConfigurationStore] MigratedConfigFilePath: /home/ec2-user/app/.runner_migrated
[2025-03-21 06:23:49Z INFO HostContext] Well known directory 'Bin': '/home/ec2-user/app/bin'
[2025-03-21 06:23:49Z INFO HostContext] Well known directory 'Root': '/home/ec2-user/app'
[2025-03-21 06:23:49Z INFO HostContext] Well known config file 'Credentials': '/home/ec2-user/app/.credentials'
[2025-03-21 06:23:49Z INFO ConfigurationStore] CredFilePath: /home/ec2-user/app/.credentials
[2025-03-21 06:23:49Z INFO HostContext] Well known directory 'Bin': '/home/ec2-user/app/bin'
[2025-03-21 06:23:49Z INFO HostContext] Well known directory 'Root': '/home/ec2-user/app'
[2025-03-21 06:23:49Z INFO HostContext] Well known config file 'MigratedCredentials': '/home/ec2-user/app/.credentials_migrated'
[2025-03-21 06:23:49Z INFO ConfigurationStore] MigratedCredFilePath: /home/ec2-user/app/.credentials_migrated
[2025-03-21 06:23:49Z INFO HostContext] Well known directory 'Bin': '/home/ec2-user/app/bin'
[2025-03-21 06:23:49Z INFO HostContext] Well known directory 'Root': '/home/ec2-user/app'
[2025-03-21 06:23:49Z INFO HostContext] Well known config file 'Service': '/home/ec2-user/app/.service'
[2025-03-21 06:23:49Z INFO ConfigurationStore] ServiceConfigFilePath: /home/ec2-user/app/.service
[2025-03-21 06:23:49Z INFO CommandSettings] Flag 'help': 'False'
[2025-03-21 06:23:49Z INFO CommandSettings] Flag 'version': 'False'
[2025-03-21 06:23:49Z INFO CommandSettings] Flag 'commit': 'False'
[2025-03-21 06:23:49Z INFO CommandSettings] Flag 'check': 'False'
[2025-03-21 06:23:49Z INFO CommandSettings] Command 'configure': 'False'
[2025-03-21 06:23:49Z INFO CommandSettings] Command 'remove': 'False'
[2025-03-21 06:23:49Z INFO CommandSettings] Command 'warmup': 'False'
[2025-03-21 06:23:49Z INFO ConfigurationManager] LoadSettings
[2025-03-21 06:23:49Z INFO ConfigurationStore] IsConfigured()
[2025-03-21 06:23:49Z INFO ConfigurationStore] IsConfigured: True
[2025-03-21 06:23:49Z INFO ConfigurationManager] Is configured: True
[2025-03-21 06:23:49Z INFO ConfigurationStore] Read setting file: 315 chars
[2025-03-21 06:23:49Z INFO ConfigurationManager] Settings Loaded
[2025-03-21 06:23:49Z INFO ConfigurationStore] IsServiceConfigured()
[2025-03-21 06:23:49Z INFO ConfigurationStore] IsServiceConfigured: True
[2025-03-21 06:23:49Z INFO CommandSettings] Command 'run': 'True'
[2025-03-21 06:23:49Z INFO ConfigurationStore] IsConfigured()
[2025-03-21 06:23:49Z INFO ConfigurationStore] IsConfigured: True
[2025-03-21 06:23:49Z INFO ConfigurationManager] Is configured: True
[2025-03-21 06:23:49Z INFO Runner] Set runner startup type - Service
[2025-03-21 06:23:49Z INFO CommandSettings] Flag 'once': 'False'
[2025-03-21 06:23:49Z INFO CommandSettings] Flag 'once': 'False'
[2025-03-21 06:23:49Z INFO Runner] RunAsync
[2025-03-21 06:23:49Z INFO ConfigurationManager] LoadSettings
[2025-03-21 06:23:49Z INFO ConfigurationStore] IsConfigured()
[2025-03-21 06:23:49Z INFO ConfigurationStore] IsConfigured: True
[2025-03-21 06:23:49Z INFO ConfigurationManager] Is configured: True
[2025-03-21 06:23:49Z INFO ConfigurationManager] Settings Loaded
[2025-03-21 06:23:50Z INFO MessageListener] {
  "AgentId": 2,
  "AgentName": "ip-172-31-90-156",
  "PoolId": 1,
  "PoolName": "Default",
  "ServerUrl": "https://pipelinesghubeus15.actions.githubusercontent.com/V4e6rPFYTvfgebOcbMYcpFRWjOBmKlFqgTprLls9MBMmNgsNpW/",
  "GitHubUrl": "https://github.com/AshishDuhanCoder/devpipelinetest",
  "WorkFolder": "_work"
}
[2025-03-21 06:23:50Z INFO MessageListener] Loading Credentials
[2025-03-21 06:23:50Z INFO ConfigurationStore] HasCredentials()
[2025-03-21 06:23:50Z INFO ConfigurationStore] stored True
[2025-03-21 06:23:50Z INFO CredentialManager] GetCredentialProvider
[2025-03-21 06:23:50Z INFO CredentialManager] Creating type OAuth
[2025-03-21 06:23:50Z INFO CredentialManager] Creating credential type: OAuth
[2025-03-21 06:23:50Z INFO HostContext] Well known directory 'Bin': '/home/ec2-user/app/bin'
[2025-03-21 06:23:50Z INFO HostContext] Well known directory 'Root': '/home/ec2-user/app'
[2025-03-21 06:23:50Z INFO HostContext] Well known config file 'RSACredentials': '/home/ec2-user/app/.credentials_rsaparams'
[2025-03-21 06:23:50Z INFO RSAFileKeyManager] Loading RSA key parameters from file /home/ec2-user/app/.credentials_rsaparams
[2025-03-21 06:23:50Z INFO MessageListener] Attempt to create session.
[2025-03-21 06:23:50Z INFO MessageListener] Connecting to the Runner Server...
[2025-03-21 06:23:50Z INFO RunnerServer] EstablishVssConnection
[2025-03-21 06:23:50Z INFO RunnerServer] Establish connection with 100 seconds timeout.
[2025-03-21 06:23:50Z INFO GitHubActionsService] Starting operation Location.GetConnectionData
[2025-03-21 06:23:50Z INFO RunnerServer] EstablishVssConnection
[2025-03-21 06:23:50Z INFO RunnerServer] Establish connection with 60 seconds timeout.
[2025-03-21 06:23:50Z INFO GitHubActionsService] Starting operation Location.GetConnectionData
[2025-03-21 06:23:50Z INFO RunnerServer] EstablishVssConnection
[2025-03-21 06:23:50Z INFO RunnerServer] Establish connection with 60 seconds timeout.
[2025-03-21 06:23:50Z INFO GitHubActionsService] Starting operation Location.GetConnectionData
[2025-03-21 06:23:50Z INFO GitHubActionsService] Finished operation Location.GetConnectionData
[2025-03-21 06:23:50Z INFO GitHubActionsService] Finished operation Location.GetConnectionData
[2025-03-21 06:23:51Z INFO GitHubActionsService] Finished operation Location.GetConnectionData
[2025-03-21 06:23:52Z INFO MessageListener] VssConnection created
[2025-03-21 06:23:52Z INFO Terminal] WRITE LINE: 
[2025-03-21 06:23:52Z INFO Terminal] WRITE LINE: 
[2025-03-21 06:23:52Z INFO RSAFileKeyManager] Loading RSA key parameters from file /home/ec2-user/app/.credentials_rsaparams
[2025-03-21 06:23:52Z INFO RSAFileKeyManager] Loading RSA key parameters from file /home/ec2-user/app/.credentials_rsaparams
[2025-03-21 06:23:52Z INFO GitHubActionsService] AAD Correlation ID for this token request: Unknown
[2025-03-21 06:23:52Z INFO MessageListener] Session created.
[2025-03-21 06:23:52Z INFO Terminal] WRITE LINE: Current runner version: '2.323.0'
[2025-03-21 06:23:52Z INFO Terminal] WRITE LINE: 2025-03-21 06:23:52Z: Listening for Jobs
[2025-03-21 06:23:52Z INFO JobDispatcher] Set runner/worker IPC timeout to 30 seconds.
[2025-03-21 06:23:52Z INFO RSAFileKeyManager] Loading RSA key parameters from file /home/ec2-user/app/.credentials_rsaparams
[2025-03-21 06:23:52Z INFO GitHubActionsService] AAD Correlation ID for this token request: Unknown
