[2025-03-21 05:34:34Z INFO HostContext] No proxy settings were found based on environmental variables (http_proxy/https_proxy/HTTP_PROXY/HTTPS_PROXY)
[2025-03-21 05:34:34Z INFO HostContext] Well known directory 'Bin': '/home/ec2-user/app/bin'
[2025-03-21 05:34:34Z INFO HostContext] Well known directory 'Root': '/home/ec2-user/app'
[2025-03-21 05:34:34Z INFO HostContext] Well known config file 'Credentials': '/home/ec2-user/app/.credentials'
[2025-03-21 05:34:34Z INFO HostContext] Well known directory 'Bin': '/home/ec2-user/app/bin'
[2025-03-21 05:34:34Z INFO HostContext] Well known directory 'Root': '/home/ec2-user/app'
[2025-03-21 05:34:34Z INFO HostContext] Well known config file 'Runner': '/home/ec2-user/app/.runner'
[2025-03-21 05:34:34Z INFO Listener] Runner is built for Linux (X64) - linux-x64.
[2025-03-21 05:34:34Z INFO Listener] RuntimeInformation: Amazon Linux 2023.6.20250303.
[2025-03-21 05:34:34Z INFO Listener] Version: 2.323.0
[2025-03-21 05:34:34Z INFO Listener] Commit: d8b82f44a9ec0258904d5869ae683c31d5aac299
[2025-03-21 05:34:34Z INFO Listener] Culture: 
[2025-03-21 05:34:34Z INFO Listener] UI Culture: 
[2025-03-21 05:34:34Z INFO HostContext] Well known directory 'Bin': '/home/ec2-user/app/bin'
[2025-03-21 05:34:34Z INFO HostContext] Well known directory 'Root': '/home/ec2-user/app'
[2025-03-21 05:34:34Z INFO Listener] Validating directory permissions for: '/home/ec2-user/app'
[2025-03-21 05:34:34Z INFO CommandLineParser] Parse
[2025-03-21 05:34:34Z INFO CommandLineParser] Parsing 3 args
[2025-03-21 05:34:34Z INFO CommandLineParser] parsing argument
[2025-03-21 05:34:34Z INFO CommandLineParser] HasArgs: False
[2025-03-21 05:34:34Z INFO CommandLineParser] Adding Command: run
[2025-03-21 05:34:34Z INFO CommandLineParser] parsing argument
[2025-03-21 05:34:34Z INFO CommandLineParser] HasArgs: True
[2025-03-21 05:34:34Z INFO CommandLineParser] arg: startuptype
[2025-03-21 05:34:34Z INFO CommandLineParser] parsing argument
[2025-03-21 05:34:34Z INFO CommandLineParser] HasArgs: True
[2025-03-21 05:34:34Z INFO CommandLineParser] Adding option 'startuptype': 'service'
[2025-03-21 05:34:34Z INFO Listener] Arguments parsed
[2025-03-21 05:34:34Z INFO Runner] ExecuteCommand
[2025-03-21 05:34:34Z INFO ConfigurationStore] currentAssemblyLocation: /home/ec2-user/app/bin/Runner.Listener.dll
[2025-03-21 05:34:34Z INFO HostContext] Well known directory 'Bin': '/home/ec2-user/app/bin'
[2025-03-21 05:34:34Z INFO ConfigurationStore] binPath: /home/ec2-user/app/bin
[2025-03-21 05:34:34Z INFO HostContext] Well known directory 'Bin': '/home/ec2-user/app/bin'
[2025-03-21 05:34:34Z INFO HostContext] Well known directory 'Root': '/home/ec2-user/app'
[2025-03-21 05:34:34Z INFO ConfigurationStore] RootFolder: /home/ec2-user/app
[2025-03-21 05:34:34Z INFO HostContext] Well known directory 'Bin': '/home/ec2-user/app/bin'
[2025-03-21 05:34:34Z INFO HostContext] Well known directory 'Root': '/home/ec2-user/app'
[2025-03-21 05:34:34Z INFO HostContext] Well known config file 'Runner': '/home/ec2-user/app/.runner'
[2025-03-21 05:34:34Z INFO ConfigurationStore] ConfigFilePath: /home/ec2-user/app/.runner
[2025-03-21 05:34:34Z INFO HostContext] Well known directory 'Bin': '/home/ec2-user/app/bin'
[2025-03-21 05:34:34Z INFO HostContext] Well known directory 'Root': '/home/ec2-user/app'
[2025-03-21 05:34:34Z INFO HostContext] Well known config file 'MigratedRunner': '/home/ec2-user/app/.runner_migrated'
[2025-03-21 05:34:34Z INFO ConfigurationStore] MigratedConfigFilePath: /home/ec2-user/app/.runner_migrated
[2025-03-21 05:34:34Z INFO HostContext] Well known directory 'Bin': '/home/ec2-user/app/bin'
[2025-03-21 05:34:34Z INFO HostContext] Well known directory 'Root': '/home/ec2-user/app'
[2025-03-21 05:34:34Z INFO HostContext] Well known config file 'Credentials': '/home/ec2-user/app/.credentials'
[2025-03-21 05:34:34Z INFO ConfigurationStore] CredFilePath: /home/ec2-user/app/.credentials
[2025-03-21 05:34:34Z INFO HostContext] Well known directory 'Bin': '/home/ec2-user/app/bin'
[2025-03-21 05:34:34Z INFO HostContext] Well known directory 'Root': '/home/ec2-user/app'
[2025-03-21 05:34:34Z INFO HostContext] Well known config file 'MigratedCredentials': '/home/ec2-user/app/.credentials_migrated'
[2025-03-21 05:34:34Z INFO ConfigurationStore] MigratedCredFilePath: /home/ec2-user/app/.credentials_migrated
[2025-03-21 05:34:34Z INFO HostContext] Well known directory 'Bin': '/home/ec2-user/app/bin'
[2025-03-21 05:34:34Z INFO HostContext] Well known directory 'Root': '/home/ec2-user/app'
[2025-03-21 05:34:34Z INFO HostContext] Well known config file 'Service': '/home/ec2-user/app/.service'
[2025-03-21 05:34:34Z INFO ConfigurationStore] ServiceConfigFilePath: /home/ec2-user/app/.service
[2025-03-21 05:34:34Z INFO CommandSettings] Flag 'help': 'False'
[2025-03-21 05:34:34Z INFO CommandSettings] Flag 'version': 'False'
[2025-03-21 05:34:34Z INFO CommandSettings] Flag 'commit': 'False'
[2025-03-21 05:34:34Z INFO CommandSettings] Flag 'check': 'False'
[2025-03-21 05:34:34Z INFO CommandSettings] Command 'configure': 'False'
[2025-03-21 05:34:34Z INFO CommandSettings] Command 'remove': 'False'
[2025-03-21 05:34:34Z INFO CommandSettings] Command 'warmup': 'False'
[2025-03-21 05:34:34Z INFO ConfigurationManager] LoadSettings
[2025-03-21 05:34:34Z INFO ConfigurationStore] IsConfigured()
[2025-03-21 05:34:34Z INFO ConfigurationStore] IsConfigured: True
[2025-03-21 05:34:34Z INFO ConfigurationManager] Is configured: True
[2025-03-21 05:34:34Z INFO ConfigurationStore] Read setting file: 315 chars
[2025-03-21 05:34:34Z INFO ConfigurationManager] Settings Loaded
[2025-03-21 05:34:34Z INFO ConfigurationStore] IsServiceConfigured()
[2025-03-21 05:34:34Z INFO ConfigurationStore] IsServiceConfigured: True
[2025-03-21 05:34:34Z INFO CommandSettings] Command 'run': 'True'
[2025-03-21 05:34:34Z INFO ConfigurationStore] IsConfigured()
[2025-03-21 05:34:34Z INFO ConfigurationStore] IsConfigured: True
[2025-03-21 05:34:34Z INFO ConfigurationManager] Is configured: True
[2025-03-21 05:34:34Z INFO Runner] Set runner startup type - Service
[2025-03-21 05:34:34Z INFO CommandSettings] Flag 'once': 'False'
[2025-03-21 05:34:34Z INFO CommandSettings] Flag 'once': 'False'
[2025-03-21 05:34:34Z INFO Runner] RunAsync
[2025-03-21 05:34:34Z INFO ConfigurationManager] LoadSettings
[2025-03-21 05:34:34Z INFO ConfigurationStore] IsConfigured()
[2025-03-21 05:34:34Z INFO ConfigurationStore] IsConfigured: True
[2025-03-21 05:34:34Z INFO ConfigurationManager] Is configured: True
[2025-03-21 05:34:34Z INFO ConfigurationManager] Settings Loaded
[2025-03-21 05:34:34Z INFO MessageListener] {
  "AgentId": 2,
  "AgentName": "ip-172-31-90-156",
  "PoolId": 1,
  "PoolName": "Default",
  "ServerUrl": "https://pipelinesghubeus15.actions.githubusercontent.com/V4e6rPFYTvfgebOcbMYcpFRWjOBmKlFqgTprLls9MBMmNgsNpW/",
  "GitHubUrl": "https://github.com/AshishDuhanCoder/devpipelinetest",
  "WorkFolder": "_work"
}
[2025-03-21 05:34:34Z INFO MessageListener] Loading Credentials
[2025-03-21 05:34:34Z INFO ConfigurationStore] HasCredentials()
[2025-03-21 05:34:34Z INFO ConfigurationStore] stored True
[2025-03-21 05:34:34Z INFO CredentialManager] GetCredentialProvider
[2025-03-21 05:34:34Z INFO CredentialManager] Creating type OAuth
[2025-03-21 05:34:34Z INFO CredentialManager] Creating credential type: OAuth
[2025-03-21 05:34:34Z INFO HostContext] Well known directory 'Bin': '/home/ec2-user/app/bin'
[2025-03-21 05:34:34Z INFO HostContext] Well known directory 'Root': '/home/ec2-user/app'
[2025-03-21 05:34:34Z INFO HostContext] Well known config file 'RSACredentials': '/home/ec2-user/app/.credentials_rsaparams'
[2025-03-21 05:34:34Z INFO RSAFileKeyManager] Loading RSA key parameters from file /home/ec2-user/app/.credentials_rsaparams
[2025-03-21 05:34:34Z INFO MessageListener] Attempt to create session.
[2025-03-21 05:34:34Z INFO MessageListener] Connecting to the Runner Server...
[2025-03-21 05:34:34Z INFO RunnerServer] EstablishVssConnection
[2025-03-21 05:34:34Z INFO RunnerServer] Establish connection with 100 seconds timeout.
[2025-03-21 05:34:34Z INFO GitHubActionsService] Starting operation Location.GetConnectionData
[2025-03-21 05:34:34Z INFO RunnerServer] EstablishVssConnection
[2025-03-21 05:34:34Z INFO RunnerServer] Establish connection with 60 seconds timeout.
[2025-03-21 05:34:34Z INFO GitHubActionsService] Starting operation Location.GetConnectionData
[2025-03-21 05:34:34Z INFO RunnerServer] EstablishVssConnection
[2025-03-21 05:34:34Z INFO RunnerServer] Establish connection with 60 seconds timeout.
[2025-03-21 05:34:34Z INFO GitHubActionsService] Starting operation Location.GetConnectionData
[2025-03-21 05:34:34Z INFO GitHubActionsService] Finished operation Location.GetConnectionData
[2025-03-21 05:34:34Z INFO GitHubActionsService] Finished operation Location.GetConnectionData
[2025-03-21 05:34:34Z INFO GitHubActionsService] Finished operation Location.GetConnectionData
[2025-03-21 05:34:35Z INFO MessageListener] VssConnection created
[2025-03-21 05:34:35Z INFO Terminal] WRITE LINE: 
[2025-03-21 05:34:35Z INFO Terminal] WRITE LINE: 
[2025-03-21 05:34:35Z INFO RSAFileKeyManager] Loading RSA key parameters from file /home/ec2-user/app/.credentials_rsaparams
[2025-03-21 05:34:35Z INFO RSAFileKeyManager] Loading RSA key parameters from file /home/ec2-user/app/.credentials_rsaparams
[2025-03-21 05:34:35Z INFO GitHubActionsService] AAD Correlation ID for this token request: Unknown
[2025-03-21 05:34:35Z INFO MessageListener] Session created.
[2025-03-21 05:34:35Z INFO Terminal] WRITE LINE: Current runner version: '2.323.0'
[2025-03-21 05:34:35Z INFO Terminal] WRITE LINE: 2025-03-21 05:34:35Z: Listening for Jobs
[2025-03-21 05:34:35Z INFO JobDispatcher] Set runner/worker IPC timeout to 30 seconds.
[2025-03-21 05:34:35Z INFO RSAFileKeyManager] Loading RSA key parameters from file /home/ec2-user/app/.credentials_rsaparams
[2025-03-21 05:34:35Z INFO GitHubActionsService] AAD Correlation ID for this token request: Unknown
[2025-03-21 06:04:40Z INFO MessageListener] No message retrieved from session '5e777650-6c0f-4093-ad7c-79e18f2b9ce5' within last 30 minutes.
[2025-03-21 06:23:27Z WARN GitHubActionsService] GET request to https://pipelinesghubeus15.actions.githubusercontent.com/V4e6rPFYTvfgebOcbMYcpFRWjOBmKlFqgTprLls9MBMmNgsNpW/_apis/distributedtask/pools/1/messages?sessionId=5e777650-6c0f-4093-ad7c-79e18f2b9ce5&status=Online&runnerVersion=2.323.0&os=Linux&architecture=X64&disableUpdate=false timed out after 60 seconds.
[2025-03-21 06:23:27Z ERR  MessageListener] Catch exception during get next message.
[2025-03-21 06:23:28Z INFO Terminal] WRITE LINE: Exiting...
[2025-03-21 06:23:28Z INFO ConfigurationStore] IsServiceConfigured()
[2025-03-21 06:23:28Z INFO ConfigurationStore] IsServiceConfigured: True
[2025-03-21 06:23:28Z INFO Runner] Received Ctrl-C signal, stop Runner.Listener and Runner.Worker.
[2025-03-21 06:23:28Z INFO HostContext] Runner will be shutdown for UserCancelled
[2025-03-21 06:23:28Z ERR  MessageListener] System.TimeoutException: The HTTP request timed out after 00:01:00.
 ---> System.Threading.Tasks.TaskCanceledException: A task was canceled.
   at System.Threading.Tasks.TaskCompletionSourceWithCancellation`1.WaitWithCancellationAsync(CancellationToken cancellationToken)
   at System.Net.Http.HttpConnectionPool.SendWithVersionDetectionAndRetryAsync(HttpRequestMessage request, Boolean async, Boolean doRequestAuth, CancellationToken cancellationToken)
   at System.Net.Http.AuthenticationHelper.SendWithAuthAsync(HttpRequestMessage request, Uri authUri, Boolean async, ICredentials credentials, Boolean preAuthenticate, Boolean isProxyAuth, Boolean doRequestAuth, HttpConnectionPool pool, CancellationToken cancellationToken)
   at System.Net.Http.DecompressionHandler.SendAsync(HttpRequestMessage request, Boolean async, CancellationToken cancellationToken)
   at GitHub.Services.Common.VssHttpMessageHandler.SendAsync(HttpRequestMessage request, CancellationToken cancellationToken)
   --- End of inner exception stack trace ---
   at GitHub.Services.Common.VssHttpMessageHandler.SendAsync(HttpRequestMessage request, CancellationToken cancellationToken)
   at GitHub.Services.Common.VssHttpRetryMessageHandler.SendAsync(HttpRequestMessage request, CancellationToken cancellationToken)
   at System.Net.Http.HttpClient.<SendAsync>g__Core|83_0(HttpRequestMessage request, HttpCompletionOption completionOption, CancellationTokenSource cts, Boolean disposeCts, CancellationTokenSource pendingRequestsCts, CancellationToken originalCancellationToken)
   at GitHub.Services.WebApi.VssHttpClientBase.SendAsync(HttpRequestMessage message, HttpCompletionOption completionOption, Object userState, CancellationToken cancellationToken)
   at GitHub.Services.WebApi.VssHttpClientBase.SendAsync[T](HttpRequestMessage message, Object userState, CancellationToken cancellationToken)
   at GitHub.Services.WebApi.VssHttpClientBase.SendAsync[T](HttpMethod method, IEnumerable`1 additionalHeaders, Guid locationId, Object routeValues, ApiResourceVersion version, HttpContent content, IEnumerable`1 queryParameters, Object userState, CancellationToken cancellationToken)
   at GitHub.Runner.Listener.MessageListener.GetNextMessageAsync(CancellationToken token)
[2025-03-21 06:23:28Z ERR  MessageListener] #####################################################
[2025-03-21 06:23:28Z ERR  MessageListener] System.Threading.Tasks.TaskCanceledException: A task was canceled.
   at System.Threading.Tasks.TaskCompletionSourceWithCancellation`1.WaitWithCancellationAsync(CancellationToken cancellationToken)
   at System.Net.Http.HttpConnectionPool.SendWithVersionDetectionAndRetryAsync(HttpRequestMessage request, Boolean async, Boolean doRequestAuth, CancellationToken cancellationToken)
   at System.Net.Http.AuthenticationHelper.SendWithAuthAsync(HttpRequestMessage request, Uri authUri, Boolean async, ICredentials credentials, Boolean preAuthenticate, Boolean isProxyAuth, Boolean doRequestAuth, HttpConnectionPool pool, CancellationToken cancellationToken)
   at System.Net.Http.DecompressionHandler.SendAsync(HttpRequestMessage request, Boolean async, CancellationToken cancellationToken)
   at GitHub.Services.Common.VssHttpMessageHandler.SendAsync(HttpRequestMessage request, CancellationToken cancellationToken)
[2025-03-21 06:23:28Z INFO MessageListener] Retriable exception: The HTTP request timed out after 00:01:00.
[2025-03-21 06:23:28Z ERR  Terminal] WRITE ERROR: 2025-03-21 06:23:28Z: Runner connect error: The HTTP request timed out after 00:01:00.. Retrying until reconnected.
[2025-03-21 06:23:28Z INFO RunnerServer] Refresh MessageQueue VssConnection to get on a different AFD node.
[2025-03-21 06:23:28Z INFO RunnerServer] EstablishVssConnection
[2025-03-21 06:23:28Z INFO RunnerServer] Establish connection with 60 seconds timeout.
[2025-03-21 06:23:28Z INFO GitHubActionsService] Starting operation Location.GetConnectionData
[2025-03-21 06:23:28Z INFO GitHubActionsService] Finished operation Location.GetConnectionData
[2025-03-21 06:23:29Z INFO MessageListener] Sleeping for 25.893 seconds before retrying.
[2025-03-21 06:23:29Z INFO JobDispatcher] Shutting down JobDispatcher. Make sure all WorkerDispatcher has finished.
[2025-03-21 06:23:29Z INFO Runner] Deleting Runner Session...
[2025-03-21 06:23:29Z INFO Listener] Runner execution been cancelled.
